<?xml version="1.0" encoding="UTF-8"?>
<!-- Generated by org.testng.reporters.JUnitXMLReporter -->
<testsuite hostname="sDirect-20" name="ICIX Test For sddo" tests="8" failures="1" timestamp="8 Mar 2017 08:52:28 GMT" time="2625.811" errors="0">
  <testcase name="TPG_Tags" time="87.769" classname="icix.Tests.TC10460_Test"/>
  <testcase name="CreateTpg" time="274.327" classname="icix.Tests.TC10461_Test"/>
  <testcase name="TPG_RelationshipType" time="37.494" classname="icix.Tests.TC10462_Test">
    <failure type="java.lang.IndexOutOfBoundsException" message="Index: 0, Size: 0">
      <![CDATA[java.lang.IndexOutOfBoundsException: Index: 0, Size: 0
	at java.util.ArrayList.rangeCheck(Unknown Source)
	at java.util.ArrayList.get(Unknown Source)
	at icix.Modules.TPGroupCompliance.createTPG(TPGroupCompliance.java:45)
	at icix.Tests.TC10462_Test.TPG_RelationshipType(TC10462_Test.java:39)
... Removed 24 stack frames]]>
    </failure>
  </testcase> <!-- TPG_RelationshipType -->
  <testcase name="TPG_RelationshipType" time="187.737" classname="icix.Tests.TC10467_Test"/>
  <testcase name="SendReqToActiveStatusTPG" time="293.838" classname="icix.Tests.TC10759_Test"/>
  <testcase name="SendReqToInactiveStatusTPG" time="234.847" classname="icix.Tests.TC10760_Test"/>
  <testcase name="Save_reqs" time="224.902" classname="icix.Tests.TC10469_Test"/>
  <testcase name="VerifySendReqAtRespSide" time="527.838" classname="icix.Tests.TC10752_Test"/>
</testsuite> <!-- ICIX Test For sddo -->
