<?xml version="1.0" encoding="UTF-8"?>
<!-- Generated by org.testng.reporters.JUnitXMLReporter -->
<testsuite hostname="sDirect-20" name="ICIX Test for Form Builder Suite One" tests="8" failures="0" timestamp="23 Mar 2017 05:04:57 GMT" time="2393.694" errors="0">
  <testcase name="BPF_Form1" time="125.584" classname="icix.Tests.TC9826_Test"/>
  <testcase name="BPF_Scenario2" time="151.014" classname="icix.Tests.TC9827_Test"/>
  <testcase name="BPF_Form1" time="284.407" classname="icix.Tests.TC9828_Test"/>
  <testcase name="BPF_Scenario15" time="297.179" classname="icix.Tests.TC9829_Test"/>
  <testcase name="CF_Scenario19" time="353.91" classname="icix.Tests.TC9830_Test"/>
  <testcase name="BPF_Scenario05" time="182.934" classname="icix.Tests.TC9832_Test"/>
  <testcase name="BPF_Form1" time="449.088" classname="icix.Tests.TC9834_Test"/>
  <testcase name="BPF_Form1" time="327.396" classname="icix.Tests.TC9842_Test"/>
</testsuite> <!-- ICIX Test for Form Builder Suite One -->
